<?xml version="1.0" encoding="UTF-8"?>
<!-- Generated by org.testng.reporters.JUnitReportReporter -->
<testsuite hostname="RashedZahan" failures="0" tests="1" name="testCases.SharebusAutomation" time="141.915" errors="0" timestamp="2023-02-26T00:38:04 BDT" skipped="0">
  <testcase classname="testCases.SharebusAutomation" name="automateSharebus" time="141.915"/>
  <system-out/>
</testsuite> <!-- testCases.SharebusAutomation -->
