<?xml version="1.0" encoding="UTF-8"?>
<!-- Generated by org.testng.reporters.JUnitReportReporter -->
<testsuite hostname="SCI-BD-L18-1576" failures="0" tests="1" name="testCases.SharebusHomePage" time="15.087" errors="0" timestamp="2023-02-25T01:41:47 BDT" skipped="0">
  <testcase classname="testCases.SharebusHomePage" name="automateSharebus" time="15.087"/>
  <system-out/>
</testsuite> <!-- testCases.SharebusHomePage -->
